0 info it worked if it ends with ok
1 verbose cli [ '/opt/node-v0.12.1-linux-x64/bin/node',
1 verbose cli   '/opt/node-v0.12.1-linux-x64/bin/npm',
1 verbose cli   'run',
1 verbose cli   'run_it' ]
2 info using npm@2.5.1
3 info using node@v0.12.1
4 verbose run-script [ 'prerun_it', 'run_it', 'postrun_it' ]
5 info prerun_it exp1.js@1.0.0
6 info run_it exp1.js@1.0.0
7 verbose unsafe-perm in lifecycle true
8 info exp1.js@1.0.0 Failed to exec run_it script
9 verbose stack Error: exp1.js@1.0.0 run_it: `node exp1.js`
9 verbose stack Exit status 8
9 verbose stack     at EventEmitter.<anonymous> (/opt/node-v0.12.1-linux-x64/lib/node_modules/npm/lib/utils/lifecycle.js:213:16)
9 verbose stack     at EventEmitter.emit (events.js:110:17)
9 verbose stack     at ChildProcess.<anonymous> (/opt/node-v0.12.1-linux-x64/lib/node_modules/npm/lib/utils/spawn.js:14:12)
9 verbose stack     at ChildProcess.emit (events.js:110:17)
9 verbose stack     at maybeClose (child_process.js:1008:16)
9 verbose stack     at Process.ChildProcess._handle.onexit (child_process.js:1080:5)
10 verbose pkgid exp1.js@1.0.0
11 verbose cwd /home/aupadhyay/node codes/Basic Applications/Express Example
12 error Linux 4.2.3-300.fc23.x86_64
13 error argv "/opt/node-v0.12.1-linux-x64/bin/node" "/opt/node-v0.12.1-linux-x64/bin/npm" "run" "run_it"
14 error node v0.12.1
15 error npm  v2.5.1
16 error code ELIFECYCLE
17 error exp1.js@1.0.0 run_it: `node exp1.js`
17 error Exit status 8
18 error Failed at the exp1.js@1.0.0 run_it script 'node exp1.js'.
18 error This is most likely a problem with the exp1.js package,
18 error not with npm itself.
18 error Tell the author that this fails on your system:
18 error     node exp1.js
18 error You can get their info via:
18 error     npm owner ls exp1.js
18 error There is likely additional logging output above.
19 verbose exit [ 1, true ]
