0 info it worked if it ends with ok
1 verbose cli [ '/opt/node-v0.12.1-linux-x64/bin/node',
1 verbose cli   '/opt/node-v0.12.1-linux-x64/bin/npm',
1 verbose cli   'run',
1 verbose cli   'run_it' ]
2 info using npm@2.5.1
3 info using node@v0.12.1
4 verbose stack Error: missing script: run_it
4 verbose stack     at run (/opt/node-v0.12.1-linux-x64/lib/node_modules/npm/lib/run-script.js:138:19)
4 verbose stack     at /opt/node-v0.12.1-linux-x64/lib/node_modules/npm/lib/run-script.js:81:5
4 verbose stack     at /opt/node-v0.12.1-linux-x64/lib/node_modules/npm/node_modules/read-package-json/read-json.js:51:40
4 verbose stack     at final (/opt/node-v0.12.1-linux-x64/lib/node_modules/npm/node_modules/read-package-json/read-json.js:349:17)
4 verbose stack     at then (/opt/node-v0.12.1-linux-x64/lib/node_modules/npm/node_modules/read-package-json/read-json.js:126:33)
4 verbose stack     at /opt/node-v0.12.1-linux-x64/lib/node_modules/npm/node_modules/read-package-json/read-json.js:316:48
4 verbose stack     at evalmachine.<anonymous>:265:20
4 verbose stack     at OpenReq.Req.done (/opt/node-v0.12.1-linux-x64/lib/node_modules/npm/node_modules/graceful-fs/graceful-fs.js:141:5)
4 verbose stack     at OpenReq.done (/opt/node-v0.12.1-linux-x64/lib/node_modules/npm/node_modules/graceful-fs/graceful-fs.js:61:22)
4 verbose stack     at FSReqWrap.oncomplete (evalmachine.<anonymous>:99:15)
5 verbose cwd /home/aupadhyay/node codes/Basic Applications/custom
6 error Linux 4.2.3-300.fc23.x86_64
7 error argv "/opt/node-v0.12.1-linux-x64/bin/node" "/opt/node-v0.12.1-linux-x64/bin/npm" "run" "run_it"
8 error node v0.12.1
9 error npm  v2.5.1
10 error missing script: run_it
11 error If you need help, you may report this error at:
11 error     <http://github.com/npm/npm/issues>
12 verbose exit [ 1, true ]
